0 info it worked if it ends with ok
1 verbose cli [ 'C:\\Program Files\\nodejs\\node.exe',
1 verbose cli   'C:\\Program Files\\nodejs\\node_modules\\npm\\bin\\npm-cli.js',
1 verbose cli   'run',
1 verbose cli   'test-integration' ]
2 info using npm@3.8.3
3 info using node@v5.10.1
4 verbose run-script [ 'pretest-integration',
4 verbose run-script   'test-integration',
4 verbose run-script   'posttest-integration' ]
5 info lifecycle sistemafrota@0.0.1~pretest-integration: sistemafrota@0.0.1
6 silly lifecycle sistemafrota@0.0.1~pretest-integration: no script for pretest-integration, continuing
7 info lifecycle sistemafrota@0.0.1~test-integration: sistemafrota@0.0.1
8 verbose lifecycle sistemafrota@0.0.1~test-integration: unsafe-perm in lifecycle true
9 verbose lifecycle sistemafrota@0.0.1~test-integration: PATH: C:\Program Files\nodejs\node_modules\npm\bin\node-gyp-bin;C:\Users\CPD\Documents\repositorio\SistemaFrota\node_modules\.bin;C:\Program Files\nodejs;C:\ProgramData\Oracle\Java\javapath;c:\Program Files (x86)\Intel\iCLS Client\;c:\Program Files\Intel\iCLS Client\;C:\WINDOWS\system32;C:\WINDOWS;C:\WINDOWS\System32\Wbem;C:\WINDOWS\System32\WindowsPowerShell\v1.0\;C:\Program Files\Intel\Intel(R) Management Engine Components\DAL;C:\Program Files\Intel\Intel(R) Management Engine Components\IPT;C:\Program Files (x86)\Intel\Intel(R) Management Engine Components\DAL;C:\Program Files (x86)\Intel\Intel(R) Management Engine Components\IPT;C:\Program Files (x86)\Skype\Phone\;C:\Program Files\nodejs\;C:\Program Files\Git\cmd;C:\Users\CPD\AppData\Roaming\npm;C:\Program Files\MongoDB\Server\3.2\bin;C:\Users\CPD\AppData\Local\atom\bin
10 verbose lifecycle sistemafrota@0.0.1~test-integration: CWD: C:\Users\CPD\Documents\repositorio\SistemaFrota
11 silly lifecycle sistemafrota@0.0.1~test-integration: Args: [ '/d /s /c',
11 silly lifecycle   'mocha --opts test/integration/mocha.opts test/integration/*.js' ]
12 silly lifecycle sistemafrota@0.0.1~test-integration: Returned: code: 1  signal: null
13 info lifecycle sistemafrota@0.0.1~test-integration: Failed to exec test-integration script
14 verbose stack Error: sistemafrota@0.0.1 test-integration: `mocha --opts test/integration/mocha.opts test/integration/*.js`
14 verbose stack Exit status 1
14 verbose stack     at EventEmitter.<anonymous> (C:\Program Files\nodejs\node_modules\npm\lib\utils\lifecycle.js:239:16)
14 verbose stack     at emitTwo (events.js:100:13)
14 verbose stack     at EventEmitter.emit (events.js:185:7)
14 verbose stack     at ChildProcess.<anonymous> (C:\Program Files\nodejs\node_modules\npm\lib\utils\spawn.js:24:14)
14 verbose stack     at emitTwo (events.js:100:13)
14 verbose stack     at ChildProcess.emit (events.js:185:7)
14 verbose stack     at maybeClose (internal/child_process.js:850:16)
14 verbose stack     at Process.ChildProcess._handle.onexit (internal/child_process.js:215:5)
15 verbose pkgid sistemafrota@0.0.1
16 verbose cwd C:\Users\CPD\Documents\repositorio\SistemaFrota
17 error Windows_NT 10.0.10586
18 error argv "C:\\Program Files\\nodejs\\node.exe" "C:\\Program Files\\nodejs\\node_modules\\npm\\bin\\npm-cli.js" "run" "test-integration"
19 error node v5.10.1
20 error npm  v3.8.3
21 error code ELIFECYCLE
22 error sistemafrota@0.0.1 test-integration: `mocha --opts test/integration/mocha.opts test/integration/*.js`
22 error Exit status 1
23 error Failed at the sistemafrota@0.0.1 test-integration script 'mocha --opts test/integration/mocha.opts test/integration/*.js'.
23 error Make sure you have the latest version of node.js and npm installed.
23 error If you do, this is most likely a problem with the sistemafrota package,
23 error not with npm itself.
23 error Tell the author that this fails on your system:
23 error     mocha --opts test/integration/mocha.opts test/integration/*.js
23 error You can get information on how to open an issue for this project with:
23 error     npm bugs sistemafrota
23 error Or if that isn't available, you can get their info via:
23 error     npm owner ls sistemafrota
23 error There is likely additional logging output above.
24 verbose exit [ 1, true ]
